Added Component: Designator=C1(Cap0805)
Added Component: Designator=C2(Cap0805)
Added Component: Designator=C3(Cap0805)
Added Component: Designator=C6(Cap0805)
Added Component: Designator=C7(Cap0805)
Added Component: Designator=D1(Diod-1A-SMD)
Added Component: Designator=D2(Diod-1A-SMD)
Added Component: Designator=I1(1206)
Added Component: Designator=Q1(SOT23)
Added Component: Designator=Q2(SOT23)
Added Component: Designator=R1(R0805)
Added Component: Designator=R2(R0805)
Added Component: Designator=Y1(CrystallB)
Added Pin To Net: NetName=GND Pin=C1-1
Added Pin To Net: NetName=VCC Pin=C1-2
Added Pin To Net: NetName=GND Pin=C2-1
Added Pin To Net: NetName=VDD Pin=C2-2
Added Pin To Net: NetName=GND Pin=C3-1
Added Pin To Net: NetName=GND Pin=C6-2
Added Pin To Net: NetName=GND Pin=C7-2
Added Pin To Net: NetName=VDD Pin=D1-K
Added Pin To Net: NetName=VDD Pin=D2-K
Added Pin To Net: NetName=VCC Pin=I1-2
Added Pin To Net: NetName=VDD Pin=K1-1
Added Pin To Net: NetName=VDD Pin=K2-1
Added Pin To Net: NetName=GND Pin=P-6
Added Pin To Net: NetName=GND Pin=Q1-2
Added Pin To Net: NetName=GND Pin=Q2-2
Added Pin To Net: NetName=GND Pin=Sp3-3
Added Pin To Net: NetName=VDD Pin=Sp3-4
Added Pin To Net: NetName=GND Pin=U1-3
Added Pin To Net: NetName=VCC Pin=U1-4
Added Pin To Net: NetName=GND Pin=U1-5
Added Pin To Net: NetName=VCC Pin=U1-6
Added Pin To Net: NetName=GND Pin=U1-21
Added Pin To Net: NetName=MISO Pin=P-2
Added Pin To Net: NetName=MISO Pin=U1-16
Added Net: Name=MISO
Added Pin To Net: NetName=MOSI Pin=P-1
Added Pin To Net: NetName=MOSI Pin=U1-15
Added Net: Name=MOSI
Added Pin To Net: NetName=NetC3_2 Pin=C3-2
Added Pin To Net: NetName=NetC3_2 Pin=I1-1
Added Pin To Net: NetName=NetC3_2 Pin=U1-18
Added Net: Name=NetC3_2
Added Pin To Net: NetName=NetC6_1 Pin=C6-1
Added Pin To Net: NetName=NetC6_1 Pin=Y1-2
Added Net: Name=NetC6_1
Added Pin To Net: NetName=NetC7_1 Pin=C7-1
Added Pin To Net: NetName=NetC7_1 Pin=Y1-1
Added Net: Name=NetC7_1
Added Pin To Net: NetName=NetD1_A Pin=D1-A
Added Pin To Net: NetName=NetD1_A Pin=K1-4
Added Pin To Net: NetName=NetD1_A Pin=Q1-3
Added Net: Name=NetD1_A
Added Pin To Net: NetName=NetD2_A Pin=D2-A
Added Pin To Net: NetName=NetD2_A Pin=K2-4
Added Pin To Net: NetName=NetD2_A Pin=Q2-3
Added Net: Name=NetD2_A
Added Pin To Net: NetName=NetQ1_1 Pin=Q1-1
Added Pin To Net: NetName=NetQ1_1 Pin=R1-1
Added Net: Name=NetQ1_1
Added Pin To Net: NetName=NetQ2_1 Pin=Q2-1
Added Pin To Net: NetName=NetQ2_1 Pin=R2-1
Added Net: Name=NetQ2_1
Added Pin To Net: NetName=RST Pin=P-4
Added Pin To Net: NetName=RST Pin=U1-29
Added Net: Name=RST
Added Pin To Net: NetName=RX Pin=Sp3-1
Added Net: Name=RX
Added Pin To Net: NetName=SCK Pin=P-3
Added Pin To Net: NetName=SCK Pin=U1-17
Added Net: Name=SCK
Added Pin To Net: NetName=TX Pin=Sp3-2
Added Net: Name=TX
Added Pin To Net: NetName=XT1 Pin=U1-7
Added Net: Name=XT1
Added Pin To Net: NetName=XT2 Pin=U1-8
Added Net: Name=XT2
Added Member To Class: ClassName=FSR-PRJ Member=Component C1 100nf
Added Member To Class: ClassName=FSR-PRJ Member=Component C2 100nf
Added Member To Class: ClassName=FSR-PRJ Member=Component C3 100nf
Added Member To Class: ClassName=FSR-PRJ Member=Component C6 CAP 805
Added Member To Class: ClassName=FSR-PRJ Member=Component C7 CAP 805
Added Member To Class: ClassName=FSR-PRJ Member=Component D1 SS34
Added Member To Class: ClassName=FSR-PRJ Member=Component D2 SS34
Added Member To Class: ClassName=FSR-PRJ Member=Component I1 100u
Added Member To Class: ClassName=FSR-PRJ Member=Component Q1 TIP31 NPN
Added Member To Class: ClassName=FSR-PRJ Member=Component Q2 TIP31 NPN
Added Member To Class: ClassName=FSR-PRJ Member=Component R1 Res 0805
Added Member To Class: ClassName=FSR-PRJ Member=Component R2 Res 0805
Added Member To Class: ClassName=FSR-PRJ Member=Component Y1 Xtal
Added Room: Name=FSR-PRJ
