Added Component: Designator=C2(Cap0805)
Added Component: Designator=L1(LED_SMD0805RED)
Added Component: Designator=L2(LED_SMD0805RED)
Added Component: Designator=R16(R0805)
Added Component: Designator=R17(R0805)
Added Pin To Net: NetName=GND Pin=C2-1
Added Pin To Net: NetName=VDD Pin=C2-2
Added Pin To Net: NetName=GND Pin=L1-K
Added Pin To Net: NetName=GND Pin=L2-K
Added Pin To Net: NetName=L1 Pin=R16-2
Added Net: Name=L1
Added Pin To Net: NetName=L2 Pin=R17-2
Added Net: Name=L2
Added Pin To Net: NetName=NetL1_A Pin=L1-A
Added Pin To Net: NetName=NetL1_A Pin=R16-1
Added Net: Name=NetL1_A
Added Pin To Net: NetName=NetL2_A Pin=L2-A
Added Pin To Net: NetName=NetL2_A Pin=R17-1
Added Net: Name=NetL2_A
Added Member To Class: ClassName=FSR-PRJ Member=Component C2 100nf
Added Member To Class: ClassName=FSR-PRJ Member=Component L1 LED1
Added Member To Class: ClassName=FSR-PRJ Member=Component L2 LED1
Added Member To Class: ClassName=FSR-PRJ Member=Component R16 Res 0805
Added Member To Class: ClassName=FSR-PRJ Member=Component R17 Res 0805
