Removed Pin From Net: NetName=GND Pin=Sp3-3
Removed Pin From Net: NetName=VDD Pin=Sp3-4
Added Component: Designator=C1(Cap0805)
Added Component: Designator=C3(Cap0805)
Added Component: Designator=C6(Cap0805)
Added Component: Designator=C7(Cap0805)
Added Component: Designator=I1(1206)
Added Component: Designator=Y1(CrystallB)
Added Pin To Net: NetName=GND Pin=C1-1
Added Pin To Net: NetName=VCC Pin=C1-2
Added Pin To Net: NetName=GND Pin=C3-1
Added Pin To Net: NetName=NetC3_2 Pin=C3-2
Added Pin To Net: NetName=XT1 Pin=C6-1
Added Pin To Net: NetName=GND Pin=C6-2
Added Pin To Net: NetName=XT2 Pin=C7-1
Added Pin To Net: NetName=GND Pin=C7-2
Added Pin To Net: NetName=NetC3_2 Pin=I1-1
Added Pin To Net: NetName=VCC Pin=I1-2
Added Pin To Net: NetName=VDD Pin=Sp3-3
Added Pin To Net: NetName=GND Pin=Sp3-4
Added Pin To Net: NetName=XT2 Pin=Y1-1
Added Pin To Net: NetName=XT1 Pin=Y1-2
Added Member To Class: ClassName=FSR-PRJ Member=Component C1 100nf
Added Member To Class: ClassName=FSR-PRJ Member=Component C3 100nf
Added Member To Class: ClassName=FSR-PRJ Member=Component C6 CAP 805
Added Member To Class: ClassName=FSR-PRJ Member=Component C7 CAP 805
Added Member To Class: ClassName=FSR-PRJ Member=Component Dw1 DipSwitch2
Added Member To Class: ClassName=FSR-PRJ Member=Component I1 100u
Added Member To Class: ClassName=FSR-PRJ Member=Component R9 Res 0805
Added Member To Class: ClassName=FSR-PRJ Member=Component R10 Res 0805
Added Member To Class: ClassName=FSR-PRJ Member=Component Y1 Xtal
Added Room: Name=FSR-PRJ
